<?xml version="1.0" encoding="UTF-8"?>
<!-- Generated by org.testng.reporters.JUnitReportReporter -->
<testsuite hostname="DESKTOP-DJ4FDME" failures="0" tests="1" name="org.xyz.automation.fb.FetchDataRuntime" time="27.534" errors="0" timestamp="2024-01-26T20:12:56 IST" skipped="0">
  <testcase classname="org.xyz.automation.fb.FetchDataRuntime" name="launchBrowser" time="27.534"/>
</testsuite> <!-- org.xyz.automation.fb.FetchDataRuntime -->
