<?xml version="1.0" encoding="UTF-8"?>
<!-- Generated by org.testng.reporters.JUnitReportReporter -->
<testsuite hostname="DESKTOP-DJ4FDME" failures="0" tests="1" name="testNGDemo.FirstTestScenario8" time="0.002" errors="0" timestamp="2024-01-18T20:35:31 IST" skipped="0">
  <testcase classname="testNGDemo.FirstTestScenario8" name="fifth_testcase" time="0.002"/>
</testsuite> <!-- testNGDemo.FirstTestScenario8 -->
