<?xml version="1.0" encoding="UTF-8"?>
<!-- Generated by org.testng.reporters.JUnitReportReporter -->
<testsuite hostname="DESKTOP-DJ4FDME" failures="0" tests="1" name="testNGDemo.FirstTestScenario6" time="0.020" errors="0" timestamp="2024-01-18T20:35:31 IST" skipped="0">
  <testcase classname="testNGDemo.FirstTestScenario6" name="fifth_testcase" time="0.020"/>
</testsuite> <!-- testNGDemo.FirstTestScenario6 -->
