<?xml version="1.0" encoding="UTF-8"?>
<!-- Generated by org.testng.reporters.JUnitReportReporter -->
<testsuite hostname="DESKTOP-DJ4FDME" failures="0" tests="1" name="org.xyz.automation.fb.DifferentWBControl" time="27.719" errors="0" timestamp="2024-01-26T20:44:22 IST" skipped="0">
  <testcase classname="org.xyz.automation.fb.DifferentWBControl" name="launchBrowser" time="27.719"/>
</testsuite> <!-- org.xyz.automation.fb.DifferentWBControl -->
