<?xml version="1.0" encoding="UTF-8"?>
<!-- Generated by org.testng.reporters.JUnitReportReporter -->
<testsuite hostname="DESKTOP-DJ4FDME" failures="0" tests="1" name="org.wipro.automation.uo.testcases.LoginScenario" time="8.568" errors="0" timestamp="2024-02-02T20:53:25 IST" skipped="0">
  <testcase classname="org.wipro.automation.uo.testcases.LoginScenario" name="validate_loginfunc" time="8.568"/>
</testsuite> <!-- org.wipro.automation.uo.testcases.LoginScenario -->
