<?xml version="1.0" encoding="UTF-8"?>
<!-- Generated by org.testng.reporters.JUnitReportReporter -->
<testsuite hostname="DESKTOP-DJ4FDME" failures="0" tests="7" name="testNGDemo.FirstTestScenario7" time="0.021" errors="0" timestamp="2024-01-18T20:18:15 IST" skipped="0">
  <testcase classname="testNGDemo.FirstTestScenario7" name="seventh_testcase" time="0.003"/>
  <testcase classname="testNGDemo.FirstTestScenario7" name="forth_testcase" time="0.002"/>
  <testcase classname="testNGDemo.FirstTestScenario7" name="third_testcase" time="0.001"/>
  <testcase classname="testNGDemo.FirstTestScenario7" name="fifth_testcase" time="0.005"/>
  <testcase classname="testNGDemo.FirstTestScenario7" name="sixth_testcase" time="0.005"/>
  <testcase classname="testNGDemo.FirstTestScenario7" name="first_testcase" time="0.003"/>
  <testcase classname="testNGDemo.FirstTestScenario7" name="second_testcase" time="0.002"/>
</testsuite> <!-- testNGDemo.FirstTestScenario7 -->
