<?xml version="1.0" encoding="UTF-8"?>
<!-- Generated by org.testng.reporters.JUnitReportReporter -->
<testsuite hostname="DESKTOP-DJ4FDME" failures="0" tests="1" name="org.wipro.automation.uo.testcases.SignupScenario" time="14.247" errors="0" timestamp="2024-02-02T20:59:42 IST" skipped="0">
  <testcase classname="org.wipro.automation.uo.testcases.SignupScenario" name="validate_signupfunc" time="14.247"/>
</testsuite> <!-- org.wipro.automation.uo.testcases.SignupScenario -->
