<?xml version="1.0" encoding="UTF-8"?>
<!-- Generated by org.testng.reporters.JUnitReportReporter -->
<testsuite hostname="DESKTOP-DJ4FDME" failures="0" tests="1" name="org.wipro.automation.uo.testcases.MainMenuSignIn" time="51.676" errors="0" timestamp="2024-02-06T20:59:05 IST" skipped="0">
  <testcase classname="org.wipro.automation.uo.testcases.MainMenuSignIn" name="validate_mainMenuSign" time="51.676"/>
</testsuite> <!-- org.wipro.automation.uo.testcases.MainMenuSignIn -->
