<?xml version="1.0" encoding="UTF-8"?>
<!-- Generated by org.testng.reporters.JUnitReportReporter -->
<testsuite hostname="DESKTOP-DJ4FDME" failures="0" tests="7" name="testNGDemo.FirstTestScenario2" time="0.013" errors="0" timestamp="2024-01-18T20:18:15 IST" skipped="1">
  <testcase classname="testNGDemo.FirstTestScenario2" name="sixth_testcase" time="0.002"/>
  <testcase classname="testNGDemo.FirstTestScenario2" name="seventh_testcase" time="0.003"/>
  <testcase classname="testNGDemo.FirstTestScenario2" name="fifth_testcase" time="0.002"/>
  <testcase classname="testNGDemo.FirstTestScenario2" name="third_testcase" time="0.004"/>
  <testcase classname="testNGDemo.FirstTestScenario2" name="forth_testcase" time="0.001"/>
  <testcase classname="testNGDemo.FirstTestScenario2" name="first_testcase" time="0.001"/>
  <testcase classname="testNGDemo.FirstTestScenario2" name="second_testcase">
    <skipped/>
  </testcase> <!-- second_testcase -->
</testsuite> <!-- testNGDemo.FirstTestScenario2 -->
