<?xml version="1.0" encoding="UTF-8"?>
<!-- Generated by org.testng.reporters.JUnitReportReporter -->
<testsuite hostname="DESKTOP-DJ4FDME" failures="0" tests="4" name="org.xyz.automation.fb.KeyboardMouse" time="15.821" errors="0" timestamp="2024-01-31T20:15:02 IST" skipped="2">
  <testcase classname="org.xyz.automation.fb.KeyboardMouse" name="handleAlerts" time="5.690"/>
  <testcase classname="org.xyz.automation.fb.KeyboardMouse" name="handleFrames" time="10.131"/>
  <testcase classname="org.xyz.automation.fb.KeyboardMouse" name="handleMouse">
    <skipped/>
  </testcase> <!-- handleMouse -->
  <testcase classname="org.xyz.automation.fb.KeyboardMouse" name="handleKeyboard">
    <skipped/>
  </testcase> <!-- handleKeyboard -->
</testsuite> <!-- org.xyz.automation.fb.KeyboardMouse -->
