<?xml version="1.0" encoding="UTF-8"?>
<!-- Generated by org.testng.reporters.JUnitReportReporter -->
<testsuite hostname="DESKTOP-DJ4FDME" failures="0" tests="2" name="org.xyz.automation.fb.FirstAutomation" time="10.109" errors="0" timestamp="2024-01-26T20:34:26 IST" skipped="0">
  <testcase classname="org.xyz.automation.fb.FirstAutomation" name="loginFunctionality" time="3.925"/>
  <testcase classname="org.xyz.automation.fb.FirstAutomation" name="signupFunctionality" time="6.184"/>
</testsuite> <!-- org.xyz.automation.fb.FirstAutomation -->
