<?xml version="1.0" encoding="UTF-8"?>
<!-- Generated by org.testng.reporters.JUnitReportReporter -->
<testsuite hostname="DESKTOP-DJ4FDME" failures="0" tests="7" name="testNGDemo.FirstTestScenario5" time="0.022" errors="0" timestamp="2024-01-18T20:25:11 IST" skipped="0">
  <testcase classname="testNGDemo.FirstTestScenario5" name="sixth_testcase" time="0.002"/>
  <testcase classname="testNGDemo.FirstTestScenario5" name="seventh_testcase" time="0.002"/>
  <testcase classname="testNGDemo.FirstTestScenario5" name="second_testcase" time="0.001"/>
  <testcase classname="testNGDemo.FirstTestScenario5" name="fifth_testcase" time="0.002"/>
  <testcase classname="testNGDemo.FirstTestScenario5" name="forth_testcase" time="0.001"/>
  <testcase classname="testNGDemo.FirstTestScenario5" name="third_testcase" time="0.001"/>
  <testcase classname="testNGDemo.FirstTestScenario5" name="first_testcase" time="0.013"/>
</testsuite> <!-- testNGDemo.FirstTestScenario5 -->
