<?xml version="1.0" encoding="UTF-8"?>
<!-- Generated by org.testng.reporters.JUnitReportReporter -->
<testsuite hostname="DESKTOP-DJ4FDME" failures="0" tests="1" name="testNGDemo.FirstTestScenario4" time="0.016" errors="0" timestamp="2024-01-18T20:34:25 IST" skipped="0">
  <testcase classname="testNGDemo.FirstTestScenario4" name="forth_testcase" time="0.016"/>
</testsuite> <!-- testNGDemo.FirstTestScenario4 -->
