<?xml version="1.0" encoding="UTF-8"?>
<!-- Generated by org.testng.reporters.JUnitReportReporter -->
<testsuite hostname="DESKTOP-DJ4FDME" failures="0" tests="3" name="org.wipro.automation.uo.testcases.LoginScenario_DDF" time="34.717" errors="0" timestamp="2024-02-06T20:28:59 IST" skipped="0">
  <testcase classname="org.wipro.automation.uo.testcases.LoginScenario_DDF" name="validate_loginfunc" time="4.773"/>
  <testcase classname="org.wipro.automation.uo.testcases.LoginScenario_DDF" name="validate_loginfunc" time="4.406"/>
  <testcase classname="org.wipro.automation.uo.testcases.LoginScenario_DDF" name="validate_loginfunc" time="25.538"/>
</testsuite> <!-- org.wipro.automation.uo.testcases.LoginScenario_DDF -->
